e:\kjsock\kjsock\debug\vc141.pdb
e:\kjsock\kjsock\debug\vc141.idb
e:\kjsock\kjsock\debug\tcp_server.obj
e:\kjsock\kjsock\debug\main.obj
e:\kjsock\kjsock\debug\kjlog.obj
e:\kjsock\debug\kjsock.pdb
e:\kjsock\kjsock\debug\kjsock.tlog\cl.command.1.tlog
e:\kjsock\kjsock\debug\kjsock.tlog\cl.read.1.tlog
e:\kjsock\kjsock\debug\kjsock.tlog\cl.write.1.tlog
e:\kjsock\kjsock\debug\kjsock.tlog\link-cvtres.read.1.tlog
e:\kjsock\kjsock\debug\kjsock.tlog\link-cvtres.write.1.tlog
e:\kjsock\kjsock\debug\kjsock.tlog\link-rc.read.1.tlog
e:\kjsock\kjsock\debug\kjsock.tlog\link-rc.write.1.tlog
e:\kjsock\kjsock\debug\kjsock.tlog\link.6876-cvtres.read.1.tlog
e:\kjsock\kjsock\debug\kjsock.tlog\link.6876-cvtres.write.1.tlog
e:\kjsock\kjsock\debug\kjsock.tlog\link.6876-rc.read.1.tlog
e:\kjsock\kjsock\debug\kjsock.tlog\link.6876-rc.write.1.tlog
e:\kjsock\kjsock\debug\kjsock.tlog\link.6876.read.1.tlog
e:\kjsock\kjsock\debug\kjsock.tlog\link.6876.write.1.tlog
e:\kjsock\kjsock\debug\kjsock.tlog\link.command.1.tlog
e:\kjsock\kjsock\debug\kjsock.tlog\link.read.1.tlog
e:\kjsock\kjsock\debug\kjsock.tlog\link.write.1.tlog
